<?xml version="1.0" encoding="UTF-8"?>
<testsuite name="br.com.tenorio.reactiveapi.service.CrocodileServiceTest" tests="1" skipped="0" failures="0" errors="0" timestamp="2024-03-11T16:25:44" hostname="MacBook-Air-de-tenorio.local" time="1.176">
  <properties/>
  <testcase name="create()" classname="br.com.tenorio.reactiveapi.service.CrocodileServiceTest" time="1.176"/>
  <system-out><![CDATA[]]></system-out>
  <system-err><![CDATA[]]></system-err>
</testsuite>
