<?xml version="1.0" encoding="UTF-8"?>
<testsuite name="br.com.tenorio.reactiveapi.clients.CrocodilesClientTest" tests="1" skipped="0" failures="0" errors="0" timestamp="2024-03-11T16:25:41" hostname="MacBook-Air-de-tenorio.local" time="2.481">
  <properties/>
  <testcase name="getCrododileById()" classname="br.com.tenorio.reactiveapi.clients.CrocodilesClientTest" time="2.481"/>
  <system-out><![CDATA[13:25:42.315 [Test worker] ERROR io.netty.resolver.dns.DnsServerAddressStreamProviders -- Unable to load io.netty.resolver.dns.macos.MacOSDnsServerAddressStreamProvider, fallback to system defaults. This may result in incorrect DNS resolutions on MacOS. Check whether you have a dependency on 'io.netty:netty-resolver-dns-native-macos'. Use DEBUG level to see the full stack: java.lang.UnsatisfiedLinkError: failed to load the required native library
{"id":1,"name":"Bert","sex":"M","date_of_birth":"2010-06-27","age":13}
]]></system-out>
  <system-err><![CDATA[]]></system-err>
</testsuite>
